<?xml version="1.0" encoding="UTF-8"?>
<testng-results skipped="0" failed="0" ignored="0" total="1" passed="1">
  <reporter-output>
  </reporter-output>
  <suite name="Suite" duration-ms="53" started-at="2018-05-12T18:32:49Z" finished-at="2018-05-12T18:32:49Z">
    <groups>
    </groups>
    <test name="Test" duration-ms="53" started-at="2018-05-12T18:32:49Z" finished-at="2018-05-12T18:32:49Z">
      <class name="tst.maventst">
        <test-method status="PASS" signature="TC_01()[pri:0, instance:tst.maventst@685cb137]" name="TC_01" duration-ms="12" started-at="2018-05-12T18:32:49Z" finished-at="2018-05-12T18:32:49Z">
          <reporter-output>
          </reporter-output>
        </test-method> <!-- TC_01 -->
      </class> <!-- tst.maventst -->
    </test> <!-- Test -->
  </suite> <!-- Suite -->
</testng-results>
